35 error Error: Command failed with exit code 1: npm install --package-lock-only --ignore-scripts
35 error npm ERR! Cannot read properties of undefined (reading 'extraneous')
35 error
35 error npm ERR! A complete log of this run can be found in: C:\Users\shaikmohammed\AppData\Local\npm-cache\_logs\2024-05-15T04_55_40_217Z-debug-0.log
35 error     at makeError (C:\Users\shaikmohammed\Documents\Test_lerna\node_modules\execa\lib\error.js:59:11)
35 error     at handlePromise (C:\Users\shaikmohammed\Documents\Test_lerna\node_modules\execa\index.js:114:26)
35 error     at process.processTicksAndRejections (node:internal/process/task_queues:95:5)
35 error     at async VersionCommand.updatePackageVersions (C:\Users\shaikmohammed\Documents\Test_lerna\node_modules\lerna\dist\index.js:8477:13)
35 error     at async Promise.all (index 0)
